<?xml version="1.0" encoding="UTF-8"?>
<!-- Generated by org.testng.reporters.JUnitReportReporter -->
<testsuite hostname="GaneshMurali" failures="0" tests="1" name="pageObjects.TC001_ValidateRegistration" time="3.340" errors="0" timestamp="2025-07-09T23:07:25 IST" skipped="0">
  <testcase classname="pageObjects.TC001_ValidateRegistration" name="validating_Registration" time="3.340"/>
</testsuite> <!-- pageObjects.TC001_ValidateRegistration -->
